SF:lib/Screens/Groups/Create Groups.dart
DA:10,0
DA:12,1
DA:14,1
DA:16,1
DA:19,1
DA:24,1
DA:26,1
DA:27,1
DA:29,1
DA:30,1
DA:36,0
DA:37,0
DA:70,0
DA:72,0
DA:73,0
DA:78,0
DA:79,0
DA:80,0
DA:81,0
DA:82,0
DA:94,0
DA:95,0
DA:98,0
DA:100,0
DA:105,0
DA:106,0
DA:110,0
DA:111,0
DA:114,0
DA:116,0
DA:121,0
DA:122,0
DA:129,0
DA:130,0
DA:131,0
DA:132,0
DA:133,0
DA:136,0
DA:138,0
DA:143,0
DA:144,0
DA:147,0
DA:151,0
DA:152,0
DA:153,0
DA:154,0
DA:157,0
DA:161,0
DA:162,0
DA:172,0
DA:173,0
DA:177,0
DA:179,0
DA:184,0
DA:185,0
DA:189,0
DA:190,0
DA:194,0
DA:196,0
DA:201,0
DA:202,0
DA:205,0
DA:206,0
DA:207,0
DA:208,0
DA:209,0
DA:210,0
DA:211,0
DA:212,0
DA:213,0
DA:214,0
DA:215,0
DA:216,0
DA:217,0
DA:218,0
DA:219,0
DA:220,0
DA:221,0
DA:222,0
DA:225,0
DA:226,0
DA:227,0
DA:230,0
DA:241,0
DA:242,0
DA:244,0
DA:245,0
DA:246,0
DA:247,0
LF:89
LH:9
end_of_record
